<?xml version="1.0" encoding="UTF-8"?>
<testsuite xmlns:xsi="http://www.w3.org/2001/XMLSchema-instance" xsi:noNamespaceSchemaLocation="https://maven.apache.org/surefire/maven-surefire-plugin/xsd/surefire-test-report.xsd" version="3.0.2" name="br.com.jzbreno.services.PersonServicesTest" time="2.103" tests="6" errors="0" skipped="0" failures="0">
  <properties>
[...]
</properties>
  <testcase name="updateV1WithNullPerson" classname="br.com.jzbreno.services.PersonServicesTest" time="1.348">
    <system-err><![CDATA[Mockito is currently self-attaching to enable the inline-mock-maker. This will no longer work in future releases of the JDK. Please add Mockito as an agent to your build what is described in Mockito's documentation: https://javadoc.io/doc/org.mockito/mockito-core/latest/org/mockito/Mockito.html#0.3
WARNING: A Java agent has been loaded dynamically (C:\Users\jzbre\.m2\repository\net\bytebuddy\byte-buddy-agent\1.15.10\byte-buddy-agent-1.15.10.jar)
WARNING: If a serviceability tool is in use, please run with -XX:+EnableDynamicAgentLoading to hide this warning
WARNING: If a serviceability tool is not in use, please run with -Djdk.instrument.traceUsage for more information
WARNING: Dynamic loading of agents will be disallowed by default in a future release
]]></system-err>
  </testcase>
  <testcase name="findById" classname="br.com.jzbreno.services.PersonServicesTest" time="0.683">
    <system-out><![CDATA[2026-04-07T22:51:37.492-03:00  INFO 17544 --- [           main] br.com.jzbreno.services.PersonServices   : Finding person by id : 1
2026-04-07T22:51:37.508-03:00  INFO 17544 --- [           main] c.g.dozermapper.core.util.RuntimeUtils   : OSGi support is false
2026-04-07T22:51:37.521-03:00  INFO 17544 --- [           main] c.g.d.core.DozerBeanMapperBuilder        : Initializing Dozer. Version: 7.0.0, Thread Name: main
2026-04-07T22:51:37.529-03:00  INFO 17544 --- [           main] d.c.c.r.LegacyPropertiesSettingsResolver : Trying to find Dozer configuration file: dozer.properties
2026-04-07T22:51:37.531-03:00  INFO 17544 --- [           main] d.c.c.r.LegacyPropertiesSettingsResolver : Failed to find dozer.properties via com.github.dozermapper.core.config.resolvers.LegacyPropertiesSettingsResolver.
2026-04-07T22:51:37.540-03:00  INFO 17544 --- [           main] c.g.d.core.el.ELExpressionFactory        : jakarta.el is not supported; Failed to resolve ExpressionFactory, com.sun.el.ExpressionFactoryImpl
]]></system-out>
  </testcase>
  <testcase name="createV1WithNullPerson" classname="br.com.jzbreno.services.PersonServicesTest" time="0.003"/>
  <testcase name="updating" classname="br.com.jzbreno.services.PersonServicesTest" time="0.023">
    <system-out><![CDATA[2026-04-07T22:51:38.146-03:00  INFO 17544 --- [           main] br.com.jzbreno.services.PersonServices   : Updating person : PersonDTO(id=1, firstName=First Name Test1, lastName=Last Name Test1, birthday=null, address=Address Test1, gender=Female, phoneNumber=null, email=null, enabled=null)
2026-04-07T22:51:38.146-03:00  INFO 17544 --- [           main] br.com.jzbreno.services.PersonServices   : Finding person by id : 1
]]></system-out>
  </testcase>
  <testcase name="deleteById" classname="br.com.jzbreno.services.PersonServicesTest" time="0.025">
    <system-out><![CDATA[2026-04-07T22:51:38.162-03:00  INFO 17544 --- [           main] br.com.jzbreno.services.PersonServices   : Deleting person : 1
2026-04-07T22:51:38.163-03:00  INFO 17544 --- [           main] br.com.jzbreno.services.PersonServices   : Finding person by id : 1
]]></system-out>
  </testcase>
  <testcase name="createV1" classname="br.com.jzbreno.services.PersonServicesTest" time="0.013">
    <system-out><![CDATA[2026-04-07T22:51:38.192-03:00  INFO 17544 --- [           main] br.com.jzbreno.services.PersonServices   : Creating person : PersonDTO(id=1, firstName=First Name Test1, lastName=Last Name Test1, birthday=null, address=Address Test1, gender=Female, phoneNumber=null, email=null, enabled=null)
]]></system-out>
  </testcase>
</testsuite>